2019-08-29 22:52:13,969 INFO  [org.jboss.modules] (main) JBoss Modules version 1.9.1.Final
2019-08-29 22:52:24,577 INFO  [org.jboss.msc] (main) JBoss MSC version 1.4.8.Final
2019-08-29 22:52:24,629 INFO  [org.jboss.threads] (main) JBoss Threads version 2.3.3.Final
2019-08-29 22:52:25,242 INFO  [org.jboss.as] (MSC service thread 1-2) WFLYSRV0049: WildFly Full 17.0.1.Final (WildFly Core 9.0.2.Final) starting
2019-08-29 22:52:25,246 DEBUG [org.jboss.as.config] (MSC service thread 1-2) Configured system properties:
	awt.toolkit = sun.awt.windows.WToolkit
	file.encoding = Cp1252
	file.encoding.pkg = sun.io
	file.separator = \
	java.awt.graphicsenv = sun.awt.Win32GraphicsEnvironment
	java.awt.headless = true
	java.awt.printerjob = sun.awt.windows.WPrinterJob
	java.class.path = C:\Users\`fffffffff\Desktop\Projects\PubHub Project Files\wildfly-17.0.1.Final\jboss-modules.jar
	java.class.version = 52.0
	java.endorsed.dirs = C:\Program Files\Java\jre1.8.0_221\lib\endorsed
	java.ext.dirs = C:\Program Files\Java\jre1.8.0_221\lib\ext;C:\WINDOWS\Sun\Java\lib\ext
	java.home = C:\Program Files\Java\jre1.8.0_221
	java.io.tmpdir = C:\Users\`FFFFF~1\AppData\Local\Temp\
	java.library.path = C:\Program Files\Java\jre1.8.0_221\bin;C:\WINDOWS\Sun\Java\bin;C:\WINDOWS\system32;C:\WINDOWS;native;C:/Program Files/Java/jre1.8.0_221/bin/server;C:/Program Files/Java/jre1.8.0_221/bin;C:/Program Files/Java/jre1.8.0_221/lib/amd64;C:\Program Files\Oculus\Support\oculus-runtime;C:\Program Files (x86)\Common Files\Oracle\Java\javapath;C:\Program Files (x86)\Common Files\Microsoft Shared\Windows Live;C:\ProgramData\Oracle\Java\javapath;C:\Program Files (x86)\Intel\iCLS Client\;C:\Program Files\Intel\iCLS Client\;C:\Windows\system32;C:\Windows;C:\Windows\System32\Wbem;C:\Windows\System32\WindowsPowerShell\v1.0\;C:\Program Files\Intel\Intel(R) Management Engine Components\DAL;C:\Program Files\Intel\Intel(R) Management Engine Components\IPT;C:\Program Files (x86)\Intel\Intel(R) Management Engine Components\DAL;C:\Program Files (x86)\Intel\Intel(R) Management Engine Components\IPT;C:\WINDOWS\system32;C:\WINDOWS;C:\WINDOWS\System32\Wbem;C:\WINDOWS\System32\WindowsPowerShell\v1.0\;C:\Program Files\Git\cmd;C:\Program Files\Microsoft SQL Server\130\Tools\Binn\;C:\WINDOWS\System32\OpenSSH\;C:\Program Files\NVIDIA Corporation\NVIDIA NvDLISR;C:\Program Files (x86)\NVIDIA Corporation\PhysX\Common;F:\command;%SystemRoot%\system32;%SystemRoot%;%SystemRoot%\System32\Wbem;%SYSTEMROOT%\System32\WindowsPowerShell\v1.0\;%SYSTEMROOT%\System32\OpenSSH\;C:\Program Files\NVIDIA Corporation\NVIDIA NGX;C:\Program Files\Common Files\Microsoft Shared\Windows Live;C:\Users\`fffffffff\AppData\Local\Microsoft\WindowsApps;C:\Users\`fffffffff\AppData\Local\atom\bin;C:\Users\`fffffffff\AppData\Local\GitHubDesktop\bin;%USERPROFILE%\AppData\Local\Microsoft\WindowsApps;;C:\WINDOWS\System32;;.
	java.net.preferIPv4Stack = true
	java.runtime.name = Java(TM) SE Runtime Environment
	java.runtime.version = 1.8.0_221-b11
	java.specification.name = Java Platform API Specification
	java.specification.vendor = Oracle Corporation
	java.specification.version = 1.8
	java.util.logging.manager = org.jboss.logmanager.LogManager
	java.vendor = Oracle Corporation
	java.vendor.url = http://java.oracle.com/
	java.vendor.url.bug = http://bugreport.sun.com/bugreport/
	java.version = 1.8.0_221
	java.vm.info = mixed mode
	java.vm.name = Java HotSpot(TM) 64-Bit Server VM
	java.vm.specification.name = Java Virtual Machine Specification
	java.vm.specification.vendor = Oracle Corporation
	java.vm.specification.version = 1.8
	java.vm.vendor = Oracle Corporation
	java.vm.version = 25.221-b11
	javax.management.builder.initial = org.jboss.as.jmx.PluggableMBeanServerBuilder
	jboss.bind.address = localhost
	jboss.bind.address.management = localhost
	jboss.home.dir = C:\Users\`fffffffff\Desktop\Projects\PubHub Project Files\wildfly-17.0.1.Final
	jboss.host.name = vlashaslov-pc
	jboss.modules.dir = C:\Users\`fffffffff\Desktop\Projects\PubHub Project Files\wildfly-17.0.1.Final\modules
	jboss.modules.system.pkgs = org.jboss.byteman
	jboss.node.name = vlashaslov-pc
	jboss.qualified.host.name = vlashaslov-pc
	jboss.server.base.dir = C:\Users\`fffffffff\Desktop\Projects\PubHub Project Files\wildfly-17.0.1.Final\standalone
	jboss.server.config.dir = C:\Users\`fffffffff\Desktop\Projects\PubHub Project Files\wildfly-17.0.1.Final\standalone\configuration
	jboss.server.data.dir = C:\Users\`fffffffff\Desktop\Projects\PubHub Project Files\wildfly-17.0.1.Final\standalone\data
	jboss.server.deploy.dir = C:\Users\`fffffffff\Desktop\Projects\PubHub Project Files\wildfly-17.0.1.Final\standalone\data\content
	jboss.server.log.dir = C:\Users\`fffffffff\Desktop\Projects\PubHub Project Files\wildfly-17.0.1.Final\standalone\log
	jboss.server.name = vlashaslov-pc
	jboss.server.persist.config = true
	jboss.server.temp.dir = C:\Users\`fffffffff\Desktop\Projects\PubHub Project Files\wildfly-17.0.1.Final\standalone\tmp
	line.separator = 

	logging.configuration = file:/C:/Users/%60fffffffff/Desktop/Projects/PubHub%20Project%20Files/wildfly-17.0.1.Final/standalone/configuration/logging.properties
	module.path = C:/Users/`fffffffff/Desktop/Projects/PubHub Project Files/wildfly-17.0.1.Final/modules
	org.jboss.boot.log.file = C:/Users/`fffffffff/Desktop/Projects/PubHub Project Files/wildfly-17.0.1.Final/standalone/log/boot.log
	org.jboss.logmanager.nocolor = true
	org.jboss.resolver.warning = true
	os.arch = amd64
	os.name = Windows 10
	os.version = 10.0
	path.separator = ;
	program.name = JBossTools: WildFly 11 (Tech Preview)
	sun.arch.data.model = 64
	sun.boot.class.path = C:\Program Files\Java\jre1.8.0_221\lib\resources.jar;C:\Program Files\Java\jre1.8.0_221\lib\rt.jar;C:\Program Files\Java\jre1.8.0_221\lib\sunrsasign.jar;C:\Program Files\Java\jre1.8.0_221\lib\jsse.jar;C:\Program Files\Java\jre1.8.0_221\lib\jce.jar;C:\Program Files\Java\jre1.8.0_221\lib\charsets.jar;C:\Program Files\Java\jre1.8.0_221\lib\jfr.jar;C:\Program Files\Java\jre1.8.0_221\classes
	sun.boot.library.path = C:\Program Files\Java\jre1.8.0_221\bin
	sun.cpu.endian = little
	sun.cpu.isalist = amd64
	sun.desktop = windows
	sun.io.unicode.encoding = UnicodeLittle
	sun.java.command = org.jboss.modules.Main -mp C:/Users/`fffffffff/Desktop/Projects/PubHub Project Files/wildfly-17.0.1.Final/modules org.jboss.as.standalone -b localhost --server-config=standalone.xml -Djboss.server.base.dir=C:\Users\`fffffffff\Desktop\Projects\PubHub Project Files\wildfly-17.0.1.Final\standalone
	sun.java.launcher = SUN_STANDARD
	sun.jnu.encoding = Cp1252
	sun.management.compiler = HotSpot 64-Bit Tiered Compilers
	sun.os.patch.level = 
	sun.rmi.dgc.client.gcInterval = 3600000
	sun.rmi.dgc.server.gcInterval = 3600000
	user.country = US
	user.dir = C:\Users\`fffffffff\Desktop\Projects\PubHub Project Files\wildfly-17.0.1.Final\bin
	user.home = C:\Users\`fffffffff
	user.language = en
	user.name = Equinox
	user.script = 
	user.timezone = America/New_York
	user.variant = 
2019-08-29 22:52:25,251 DEBUG [org.jboss.as.config] (MSC service thread 1-2) VM Arguments: -Dprogram.name=JBossTools: WildFly 11 (Tech Preview) -Xms64m -Xmx512m -Dorg.jboss.resolver.warning=true -Djava.net.preferIPv4Stack=true -Dsun.rmi.dgc.client.gcInterval=3600000 -Dsun.rmi.dgc.server.gcInterval=3600000 -Djboss.modules.system.pkgs=org.jboss.byteman -Djava.awt.headless=true -Dorg.jboss.boot.log.file=C:/Users/`fffffffff/Desktop/Projects/PubHub Project Files/wildfly-17.0.1.Final/standalone/log/boot.log -Dlogging.configuration=file:/C:/Users/%60fffffffff/Desktop/Projects/PubHub%20Project%20Files/wildfly-17.0.1.Final/standalone/configuration/logging.properties -Djboss.home.dir=C:/Users/`fffffffff/Desktop/Projects/PubHub Project Files/wildfly-17.0.1.Final -Dorg.jboss.logmanager.nocolor=true -Djboss.bind.address.management=localhost -Dfile.encoding=Cp1252 
2019-08-29 22:52:34,333 INFO  [org.wildfly.security] (ServerService Thread Pool -- 28) ELY00001: WildFly Elytron version 1.9.1.Final
2019-08-29 22:52:47,863 INFO  [org.jboss.as.controller.management-deprecated] (Controller Boot Thread) WFLYCTL0028: Attribute 'security-realm' in the resource at address '/core-service=management/management-interface=http-interface' is deprecated, and may be removed in a future version. See the attribute description in the output of the read-resource-description operation to learn more about the deprecation.
2019-08-29 22:52:47,901 INFO  [org.jboss.as.controller.management-deprecated] (ServerService Thread Pool -- 4) WFLYCTL0028: Attribute 'security-realm' in the resource at address '/subsystem=undertow/server=default-server/https-listener=https' is deprecated, and may be removed in a future version. See the attribute description in the output of the read-resource-description operation to learn more about the deprecation.
2019-08-29 22:52:48,111 INFO  [org.jboss.as.server.deployment.scanner] (DeploymentScanner-threads - 1) WFLYDS0004: Found PubHub.war in deployment directory. To trigger deployment create a file called PubHub.war.dodeploy
2019-08-29 22:52:48,360 INFO  [org.jboss.as.server] (Controller Boot Thread) WFLYSRV0039: Creating http management service using socket-binding (management-http)
2019-08-29 22:52:48,504 INFO  [org.xnio] (MSC service thread 1-3) XNIO version 3.7.2.Final
2019-08-29 22:52:48,559 INFO  [org.xnio.nio] (MSC service thread 1-3) XNIO NIO Implementation Version 3.7.2.Final
2019-08-29 22:52:48,671 INFO  [org.wildfly.extension.microprofile.config.smallrye._private] (ServerService Thread Pool -- 60) WFLYCONF0001: Activating WildFly MicroProfile Config Subsystem
2019-08-29 22:52:48,687 WARN  [org.jboss.as.txn] (ServerService Thread Pool -- 72) WFLYTX0013: The node-identifier attribute on the /subsystem=transactions is set to the default value. This is a danger for environments running multiple servers. Please make sure the attribute value is unique.
2019-08-29 22:52:48,724 INFO  [org.jboss.as.naming] (ServerService Thread Pool -- 64) WFLYNAM0001: Activating Naming Subsystem
2019-08-29 22:52:48,793 INFO  [org.jboss.as.clustering.infinispan] (ServerService Thread Pool -- 51) WFLYCLINF0001: Activating Infinispan subsystem.
2019-08-29 22:52:48,815 INFO  [org.jboss.as.webservices] (ServerService Thread Pool -- 74) WFLYWS0002: Activating WebServices Extension
2019-08-29 22:52:48,833 INFO  [org.wildfly.extension.microprofile.opentracing] (ServerService Thread Pool -- 63) WFLYTRACEXT0001: Activating MicroProfile OpenTracing Subsystem
2019-08-29 22:52:48,848 INFO  [org.wildfly.extension.microprofile.health.smallrye] (ServerService Thread Pool -- 61) WFLYHEALTH0001: Activating Eclipse MicroProfile Health Subsystem
2019-08-29 22:52:48,872 INFO  [org.wildfly.extension.microprofile.metrics.smallrye] (ServerService Thread Pool -- 62) WFLYMETRICS0001: Activating Eclipse MicroProfile Metrics Subsystem
2019-08-29 22:52:48,880 INFO  [org.jboss.as.security] (ServerService Thread Pool -- 70) WFLYSEC0002: Activating Security Subsystem
2019-08-29 22:52:48,906 INFO  [org.jboss.as.jsf] (ServerService Thread Pool -- 58) WFLYJSF0007: Activated the following JSF Implementations: [main]
2019-08-29 22:52:48,926 INFO  [org.jboss.as.security] (MSC service thread 1-5) WFLYSEC0001: Current PicketBox version=5.0.3.Final
2019-08-29 22:52:48,944 INFO  [org.jboss.as.connector] (MSC service thread 1-7) WFLYJCA0009: Starting JCA Subsystem (WildFly/IronJacamar 1.4.16.Final)
2019-08-29 22:52:49,343 INFO  [io.smallrye.metrics] (MSC service thread 1-1) Converted [2] config entries and added [4] replacements
2019-08-29 22:52:49,362 INFO  [io.smallrye.metrics] (MSC service thread 1-1) Converted [3] config entries and added [14] replacements
2019-08-29 22:52:49,521 INFO  [org.jboss.as.naming] (MSC service thread 1-6) WFLYNAM0003: Starting Naming Service
2019-08-29 22:52:49,526 INFO  [org.jboss.as.mail.extension] (MSC service thread 1-6) WFLYMAIL0001: Bound mail session [java:jboss/mail/Default]
2019-08-29 22:52:49,568 INFO  [org.jboss.as.connector.subsystems.datasources] (ServerService Thread Pool -- 43) WFLYJCA0004: Deploying JDBC-compliant driver class org.h2.Driver (version 1.4)
2019-08-29 22:52:49,577 INFO  [org.jboss.as.connector.deployers.jdbc] (MSC service thread 1-6) WFLYJCA0018: Started Driver service with driver-name = h2
2019-08-29 22:52:49,970 INFO  [org.wildfly.extension.undertow] (MSC service thread 1-6) WFLYUT0003: Undertow 2.0.21.Final starting
2019-08-29 22:52:50,337 INFO  [org.jboss.as.jaxrs] (ServerService Thread Pool -- 53) WFLYRS0016: RESTEasy version 3.7.0.Final
2019-08-29 22:52:50,506 INFO  [org.wildfly.extension.undertow] (ServerService Thread Pool -- 73) WFLYUT0014: Creating file handler for path 'C:\Users\`fffffffff\Desktop\Projects\PubHub Project Files\wildfly-17.0.1.Final/welcome-content' with options [directory-listing: 'false', follow-symlink: 'false', case-sensitive: 'true', safe-symlink-paths: '[]']
2019-08-29 22:52:51,555 INFO  [org.jboss.as.ejb3] (MSC service thread 1-6) WFLYEJB0493: EJB subsystem suspension complete
2019-08-29 22:52:51,814 INFO  [org.jboss.as.connector.subsystems.datasources] (MSC service thread 1-7) WFLYJCA0001: Bound data source [java:jboss/datasources/ExampleDS]
2019-08-29 22:52:54,188 INFO  [org.wildfly.extension.io] (ServerService Thread Pool -- 52) WFLYIO001: Worker 'default' has auto-configured to 16 core threads with 128 task threads based on your 8 available processors
2019-08-29 22:52:54,193 INFO  [org.jboss.as.ejb3] (MSC service thread 1-1) WFLYEJB0481: Strict pool slsb-strict-max-pool is using a max instance size of 128 (per class), which is derived from thread worker pool sizing.
2019-08-29 22:52:54,193 INFO  [org.jboss.as.ejb3] (MSC service thread 1-8) WFLYEJB0482: Strict pool mdb-strict-max-pool is using a max instance size of 32 (per class), which is derived from the number of CPUs on this host.
2019-08-29 22:52:54,437 INFO  [org.jboss.remoting] (MSC service thread 1-4) JBoss Remoting version 5.0.12.Final
2019-08-29 22:52:54,574 INFO  [org.wildfly.extension.undertow] (MSC service thread 1-6) WFLYUT0012: Started server default-server.
2019-08-29 22:52:54,603 INFO  [org.wildfly.extension.undertow] (MSC service thread 1-1) WFLYUT0018: Host default-host starting
2019-08-29 22:52:55,646 INFO  [org.wildfly.extension.undertow] (MSC service thread 1-6) WFLYUT0006: Undertow HTTP listener default listening on 127.0.0.1:8080
2019-08-29 22:52:57,772 INFO  [org.jboss.as.patching] (MSC service thread 1-6) WFLYPAT0050: WildFly Full cumulative patch ID is: base, one-off patches include: none
2019-08-29 22:52:57,807 WARN  [org.jboss.as.domain.management.security] (MSC service thread 1-3) WFLYDM0111: Keystore C:\Users\`fffffffff\Desktop\Projects\PubHub Project Files\wildfly-17.0.1.Final\standalone\configuration\application.keystore not found, it will be auto generated on first use with a self signed certificate for host localhost
